Calculator/app/build/intermediates/manifest_merge_blame_file/debug/manifest-merger-blame-debug-report.txt
1<?xml version="1.0" encoding="utf-8"?>
2<manifest xmlns:android="http://schemas.android.com/apk/res/android"
3    package="com.example.android.Calculator"
4    android:versionCode="1"
5    android:versionName="1.0" >
6
7    <uses-sdk
8        android:minSdkVersion="16"
8-->src\main\AndroidManifest.xml
9        android:targetSdkVersion="26" />
9-->src\main\AndroidManifest.xml
10
11    <application
11-->src\main\AndroidManifest.xml:5:5-40:19
12        android:allowBackup="true"
12-->src\main\AndroidManifest.xml:6:9-35
13        android:debuggable="true"
14        android:icon="@mipmap/ic_launcher"
14-->src\main\AndroidManifest.xml:7:9-43
15        android:label="@string/app_name"
15-->src\main\AndroidManifest.xml:8:9-41
16        android:roundIcon="@mipmap/ic_launcher_round"
16-->src\main\AndroidManifest.xml:9:9-54
17        android:supportsRtl="true"
17-->src\main\AndroidManifest.xml:10:9-35
18        android:testOnly="true"
19        android:theme="@style/AppTheme" >
19-->src\main\AndroidManifest.xml:11:9-40
20        <activity
20-->src\main\AndroidManifest.xml:12:9-20:20
21            android:name="com.example.android.Calculator.BaseconvertCalculator"
21-->src\main\AndroidManifest.xml:13:13-50
22            android:exported="false"
22-->src\main\AndroidManifest.xml:14:13-37
23            android:label="BaseConvertCalculator"
23-->src\main\AndroidManifest.xml:15:13-50
24            android:parentActivityName="com.example.android.Calculator.MainActivity" >
24-->src\main\AndroidManifest.xml:16:13-55
25            <meta-data
25-->src\main\AndroidManifest.xml:17:9-19:75
26                android:name="android.support.PARENT_ACTIVITY"
26-->src\main\AndroidManifest.xml:18:13-59
27                android:value="com.example.android.Calculator.MainActivity" />
27-->src\main\AndroidManifest.xml:19:13-72
28        </activity>
29        <activity
29-->src\main\AndroidManifest.xml:21:9-29:20
30            android:name="com.example.android.Calculator.GeneralCalculator"
30-->src\main\AndroidManifest.xml:22:13-46
31            android:exported="false"
31-->src\main\AndroidManifest.xml:23:13-37
32            android:label="@string/GeneralCalculator"
32-->src\main\AndroidManifest.xml:24:13-54
33            android:parentActivityName="com.example.android.Calculator.MainActivity" >
33-->src\main\AndroidManifest.xml:25:13-55
34            <meta-data
34-->src\main\AndroidManifest.xml:17:9-19:75
35                android:name="android.support.PARENT_ACTIVITY"
35-->src\main\AndroidManifest.xml:18:13-59
36                android:value="com.example.android.Calculator.MainActivity" />
36-->src\main\AndroidManifest.xml:19:13-72
37        </activity>
38        <activity
38-->src\main\AndroidManifest.xml:30:9-39:20
39            android:name="com.example.android.Calculator.MainActivity"
39-->src\main\AndroidManifest.xml:31:13-41
40            android:label="@string/app_name"
40-->src\main\AndroidManifest.xml:32:13-45
41            android:theme="@style/AppTheme.NoActionBar" >
41-->src\main\AndroidManifest.xml:33:13-56
42            <intent-filter>
42-->src\main\AndroidManifest.xml:34:13-38:29
43                <action android:name="android.intent.action.MAIN" />
43-->src\main\AndroidManifest.xml:35:17-69
43-->src\main\AndroidManifest.xml:35:25-66
44
45                <category android:name="android.intent.category.LAUNCHER" />
45-->src\main\AndroidManifest.xml:37:17-77
45-->src\main\AndroidManifest.xml:37:27-74
46            </intent-filter>
47        </activity>
48
49        <meta-data
49-->[com.android.support:design:26.1.0] AndroidManifest.xml:26:9-28:38
50            android:name="android.support.VERSION"
50-->[com.android.support:design:26.1.0] AndroidManifest.xml:27:13-51
51            android:value="26.1.0" />
51-->[com.android.support:design:26.1.0] AndroidManifest.xml:28:13-35
52        <meta-data
52-->[android.arch.lifecycle:runtime:1.0.0] AndroidManifest.xml:25:9-27:47
53            android:name="android.arch.lifecycle.VERSION"
53-->[android.arch.lifecycle:runtime:1.0.0] AndroidManifest.xml:26:13-58
54            android:value="27.0.0-SNAPSHOT" />
54-->[android.arch.lifecycle:runtime:1.0.0] AndroidManifest.xml:27:13-44
55    </application>
56
57</manifest>